2016/03/12 15:03:18 [warning] [application] Error al establecer unsafe al atributo "url" de "BannerImages".
in C:\xampp\htdocs\botasbom\bom\protected\controllers\BannerImagesController.php (78)
in C:\xampp\htdocs\botasbom\bom\index.php (13)
2016/03/12 15:05:40 [warning] [application] Error al establecer unsafe al atributo "url" de "BannerImages".
in C:\xampp\htdocs\botasbom\bom\protected\controllers\BannerImagesController.php (78)
in C:\xampp\htdocs\botasbom\bom\index.php (13)
2016/03/12 15:06:09 [warning] [application] Error al establecer unsafe al atributo "url" de "BannerImages".
in C:\xampp\htdocs\botasbom\bom\protected\controllers\BannerImagesController.php (78)
in C:\xampp\htdocs\botasbom\bom\index.php (13)
2016/03/12 15:06:38 [warning] [application] Error al establecer unsafe al atributo "url" de "BannerImages".
in C:\xampp\htdocs\botasbom\bom\protected\controllers\BannerImagesController.php (78)
in C:\xampp\htdocs\botasbom\bom\index.php (13)
2016/03/12 15:06:38 [error] [exception.CException] exception 'CException' with message 'La propiedad "BannerImages"."activo" no se encuentra definida.' in C:\xampp\htdocs\botasbom\framework\base\CComponent.php:173
Stack trace:
#0 C:\xampp\htdocs\botasbom\framework\db\ar\CActiveRecord.php(161): CComponent->__set('activo', 1)
#1 C:\xampp\htdocs\botasbom\bom\protected\controllers\BannerImagesController.php(79): CActiveRecord->__set('activo', 1)
#2 C:\xampp\htdocs\botasbom\framework\web\actions\CInlineAction.php(49): BannerImagesController->actionCreate()
#3 C:\xampp\htdocs\botasbom\framework\web\CController.php(308): CInlineAction->runWithParams(Array)
#4 C:\xampp\htdocs\botasbom\framework\web\filters\CFilterChain.php(133): CController->runAction(Object(CInlineAction))
#5 C:\xampp\htdocs\botasbom\framework\web\filters\CFilter.php(40): CFilterChain->run()
#6 C:\xampp\htdocs\botasbom\framework\web\CController.php(1145): CFilter->filter(Object(CFilterChain))
#7 C:\xampp\htdocs\botasbom\framework\web\filters\CInlineFilter.php(58): CController->filterAccessControl(Object(CFilterChain))
#8 C:\xampp\htdocs\botasbom\framework\web\filters\CFilterChain.php(130): CInlineFilter->filter(Object(CFilterChain))
#9 C:\xampp\htdocs\botasbom\framework\web\CController.php(291): CFilterChain->run()
#10 C:\xampp\htdocs\botasbom\framework\web\CController.php(265): CController->runActionWithFilters(Object(CInlineAction), Array)
#11 C:\xampp\htdocs\botasbom\framework\web\CWebApplication.php(282): CController->run('create')
#12 C:\xampp\htdocs\botasbom\framework\web\CWebApplication.php(141): CWebApplication->runController('bannerImages/cr...')
#13 C:\xampp\htdocs\botasbom\framework\base\CApplication.php(184): CWebApplication->processRequest()
#14 C:\xampp\htdocs\botasbom\bom\index.php(13): CApplication->run()
#15 {main}
REQUEST_URI=/botasbom/bom/bannerImages/create
HTTP_REFERER=http://localhost/botasbom/bom/bannerImages/create
---
2016/03/12 15:06:51 [warning] [application] Error al establecer unsafe al atributo "url" de "BannerImages".
in C:\xampp\htdocs\botasbom\bom\protected\controllers\BannerImagesController.php (78)
in C:\xampp\htdocs\botasbom\bom\index.php (13)
2016/03/12 15:12:28 [error] [exception.CHttpException.404] exception 'CHttpException' with message 'No es posible resolver la solicitud "/botasbom/bom/images/banner/1457816811306.jpg"' in C:\xampp\htdocs\botasbom\framework\web\CWebApplication.php:286
Stack trace:
#0 C:\xampp\htdocs\botasbom\framework\web\CWebApplication.php(141): CWebApplication->runController('/botasbom/bom/i...')
#1 C:\xampp\htdocs\botasbom\framework\base\CApplication.php(184): CWebApplication->processRequest()
#2 C:\xampp\htdocs\botasbom\bom\index.php(13): CApplication->run()
#3 {main}
REQUEST_URI=/botasbom/bom//botasbom/bom/images/banner/1457816811306.jpg
HTTP_REFERER=http://localhost/botasbom/bom/bannerImages/1
---
2016/03/12 15:12:31 [error] [exception.CHttpException.404] exception 'CHttpException' with message 'No es posible resolver la solicitud "/botasbom/bom/images/banner/1457816811306.jpg"' in C:\xampp\htdocs\botasbom\framework\web\CWebApplication.php:286
Stack trace:
#0 C:\xampp\htdocs\botasbom\framework\web\CWebApplication.php(141): CWebApplication->runController('/botasbom/bom/i...')
#1 C:\xampp\htdocs\botasbom\framework\base\CApplication.php(184): CWebApplication->processRequest()
#2 C:\xampp\htdocs\botasbom\bom\index.php(13): CApplication->run()
#3 {main}
REQUEST_URI=/botasbom/bom//botasbom/bom/images/banner/1457816811306.jpg
HTTP_REFERER=http://localhost/botasbom/bom/bannerImages/1
---
2016/03/12 15:14:09 [warning] [application] Error al establecer unsafe al atributo "url" de "BannerImages".
in C:\xampp\htdocs\botasbom\bom\protected\controllers\BannerImagesController.php (78)
in C:\xampp\htdocs\botasbom\bom\index.php (13)
2016/03/12 15:14:49 [warning] [application] Error al establecer unsafe al atributo "url" de "BannerImages".
in C:\xampp\htdocs\botasbom\bom\protected\controllers\BannerImagesController.php (78)
in C:\xampp\htdocs\botasbom\bom\index.php (13)
2016/03/12 15:16:25 [warning] [application] Error al establecer unsafe al atributo "url" de "BannerImages".
in C:\xampp\htdocs\botasbom\bom\protected\controllers\BannerImagesController.php (78)
in C:\xampp\htdocs\botasbom\bom\index.php (13)
2016/03/12 15:16:32 [warning] [application] Error al establecer unsafe al atributo "url" de "BannerImages".
in C:\xampp\htdocs\botasbom\bom\protected\controllers\BannerImagesController.php (78)
in C:\xampp\htdocs\botasbom\bom\index.php (13)
2016/03/12 15:21:32 [warning] [application] Error al establecer unsafe al atributo "url" de "BannerImages".
in C:\xampp\htdocs\botasbom\bom\protected\controllers\BannerImagesController.php (78)
in C:\xampp\htdocs\botasbom\bom\index.php (13)
2016/03/12 17:09:10 [error] [exception.CHttpException.404] exception 'CHttpException' with message 'No es posible resolver la solicitud "bom/assets/global/plugins/slider-layer-slider/skins/fullwidth/skin.css"' in C:\xampp\htdocs\botasbom\framework\web\CWebApplication.php:286
Stack trace:
#0 C:\xampp\htdocs\botasbom\framework\web\CWebApplication.php(141): CWebApplication->runController('bom/assets/glob...')
#1 C:\xampp\htdocs\botasbom\framework\base\CApplication.php(184): CWebApplication->processRequest()
#2 C:\xampp\htdocs\botasbom\bom\index.php(13): CApplication->run()
#3 {main}
REQUEST_URI=/botasbom/bom/bom/assets/global/plugins/slider-layer-slider/skins/fullwidth/skin.css
HTTP_REFERER=http://localhost/botasbom/bom/site/index
---
2016/03/12 17:09:11 [error] [exception.CHttpException.404] exception 'CHttpException' with message 'No es posible resolver la solicitud "bom/assets/global/plugins/slider-layer-slider/css/blank.gif"' in C:\xampp\htdocs\botasbom\framework\web\CWebApplication.php:286
Stack trace:
#0 C:\xampp\htdocs\botasbom\framework\web\CWebApplication.php(141): CWebApplication->runController('bom/assets/glob...')
#1 C:\xampp\htdocs\botasbom\framework\base\CApplication.php(184): CWebApplication->processRequest()
#2 C:\xampp\htdocs\botasbom\bom\index.php(13): CApplication->run()
#3 {main}
REQUEST_URI=/botasbom/bom/bom/assets/global/plugins/slider-layer-slider/css/blank.gif
HTTP_REFERER=http://localhost/botasbom/bom/site/index
---
2016/03/12 17:09:39 [error] [exception.CHttpException.404] exception 'CHttpException' with message 'No es posible resolver la solicitud "bom/assets/global/plugins/slider-layer-slider/skins/fullwidth/skin.css"' in C:\xampp\htdocs\botasbom\framework\web\CWebApplication.php:286
Stack trace:
#0 C:\xampp\htdocs\botasbom\framework\web\CWebApplication.php(141): CWebApplication->runController('bom/assets/glob...')
#1 C:\xampp\htdocs\botasbom\framework\base\CApplication.php(184): CWebApplication->processRequest()
#2 C:\xampp\htdocs\botasbom\bom\index.php(13): CApplication->run()
#3 {main}
REQUEST_URI=/botasbom/bom/bom/assets/global/plugins/slider-layer-slider/skins/fullwidth/skin.css
HTTP_REFERER=http://localhost/botasbom/bom/site/index
---
2016/03/12 17:10:19 [error] [exception.CHttpException.404] exception 'CHttpException' with message 'No es posible resolver la solicitud "bom/assets/global/plugins/slider-layer-slider/skins/fullwidth/skin.css"' in C:\xampp\htdocs\botasbom\framework\web\CWebApplication.php:286
Stack trace:
#0 C:\xampp\htdocs\botasbom\framework\web\CWebApplication.php(141): CWebApplication->runController('bom/assets/glob...')
#1 C:\xampp\htdocs\botasbom\framework\base\CApplication.php(184): CWebApplication->processRequest()
#2 C:\xampp\htdocs\botasbom\bom\index.php(13): CApplication->run()
#3 {main}
REQUEST_URI=/botasbom/bom/bom/assets/global/plugins/slider-layer-slider/skins/fullwidth/skin.css
HTTP_REFERER=http://localhost/botasbom/bom/site/index
---
2016/03/12 17:10:20 [error] [exception.CHttpException.404] exception 'CHttpException' with message 'No es posible resolver la solicitud "bom/assets/global/plugins/slider-layer-slider/css/blank.gif"' in C:\xampp\htdocs\botasbom\framework\web\CWebApplication.php:286
Stack trace:
#0 C:\xampp\htdocs\botasbom\framework\web\CWebApplication.php(141): CWebApplication->runController('bom/assets/glob...')
#1 C:\xampp\htdocs\botasbom\framework\base\CApplication.php(184): CWebApplication->processRequest()
#2 C:\xampp\htdocs\botasbom\bom\index.php(13): CApplication->run()
#3 {main}
REQUEST_URI=/botasbom/bom/bom/assets/global/plugins/slider-layer-slider/css/blank.gif
HTTP_REFERER=http://localhost/botasbom/bom/site/index
---
2016/03/12 17:13:06 [error] [exception.CHttpException.404] exception 'CHttpException' with message 'No es posible resolver la solicitud "bom/assets/global/plugins/slider-layer-slider/skins/fullwidth/skin.css"' in C:\xampp\htdocs\botasbom\framework\web\CWebApplication.php:286
Stack trace:
#0 C:\xampp\htdocs\botasbom\framework\web\CWebApplication.php(141): CWebApplication->runController('bom/assets/glob...')
#1 C:\xampp\htdocs\botasbom\framework\base\CApplication.php(184): CWebApplication->processRequest()
#2 C:\xampp\htdocs\botasbom\bom\index.php(13): CApplication->run()
#3 {main}
REQUEST_URI=/botasbom/bom/bom/assets/global/plugins/slider-layer-slider/skins/fullwidth/skin.css
HTTP_REFERER=http://localhost/botasbom/bom/site/index
---
2016/03/12 17:13:07 [error] [exception.CHttpException.404] exception 'CHttpException' with message 'No es posible resolver la solicitud "bom/assets/global/plugins/slider-layer-slider/css/blank.gif"' in C:\xampp\htdocs\botasbom\framework\web\CWebApplication.php:286
Stack trace:
#0 C:\xampp\htdocs\botasbom\framework\web\CWebApplication.php(141): CWebApplication->runController('bom/assets/glob...')
#1 C:\xampp\htdocs\botasbom\framework\base\CApplication.php(184): CWebApplication->processRequest()
#2 C:\xampp\htdocs\botasbom\bom\index.php(13): CApplication->run()
#3 {main}
REQUEST_URI=/botasbom/bom/bom/assets/global/plugins/slider-layer-slider/css/blank.gif
HTTP_REFERER=http://localhost/botasbom/bom/site/index
---
2016/03/12 17:13:20 [error] [exception.CHttpException.404] exception 'CHttpException' with message 'No es posible resolver la solicitud "bom/assets/global/plugins/slider-layer-slider/skins/fullwidth/skin.css"' in C:\xampp\htdocs\botasbom\framework\web\CWebApplication.php:286
Stack trace:
#0 C:\xampp\htdocs\botasbom\framework\web\CWebApplication.php(141): CWebApplication->runController('bom/assets/glob...')
#1 C:\xampp\htdocs\botasbom\framework\base\CApplication.php(184): CWebApplication->processRequest()
#2 C:\xampp\htdocs\botasbom\bom\index.php(13): CApplication->run()
#3 {main}
REQUEST_URI=/botasbom/bom/bom/assets/global/plugins/slider-layer-slider/skins/fullwidth/skin.css
HTTP_REFERER=http://localhost/botasbom/bom/site/index
---
2016/03/12 17:13:21 [error] [exception.CHttpException.404] exception 'CHttpException' with message 'No es posible resolver la solicitud "bom/assets/global/plugins/slider-layer-slider/css/blank.gif"' in C:\xampp\htdocs\botasbom\framework\web\CWebApplication.php:286
Stack trace:
#0 C:\xampp\htdocs\botasbom\framework\web\CWebApplication.php(141): CWebApplication->runController('bom/assets/glob...')
#1 C:\xampp\htdocs\botasbom\framework\base\CApplication.php(184): CWebApplication->processRequest()
#2 C:\xampp\htdocs\botasbom\bom\index.php(13): CApplication->run()
#3 {main}
REQUEST_URI=/botasbom/bom/bom/assets/global/plugins/slider-layer-slider/css/blank.gif
HTTP_REFERER=http://localhost/botasbom/bom/site/index
---
2016/03/12 17:13:59 [error] [exception.CHttpException.404] exception 'CHttpException' with message 'No es posible resolver la solicitud "bom/assets/global/plugins/slider-layer-slider/skins/fullwidth/skin.css"' in C:\xampp\htdocs\botasbom\framework\web\CWebApplication.php:286
Stack trace:
#0 C:\xampp\htdocs\botasbom\framework\web\CWebApplication.php(141): CWebApplication->runController('bom/assets/glob...')
#1 C:\xampp\htdocs\botasbom\framework\base\CApplication.php(184): CWebApplication->processRequest()
#2 C:\xampp\htdocs\botasbom\bom\index.php(13): CApplication->run()
#3 {main}
REQUEST_URI=/botasbom/bom/bom/assets/global/plugins/slider-layer-slider/skins/fullwidth/skin.css
HTTP_REFERER=http://localhost/botasbom/bom/site/index
---
2016/03/12 17:13:59 [error] [exception.CHttpException.404] exception 'CHttpException' with message 'No es posible resolver la solicitud "bom/assets/global/plugins/slider-layer-slider/css/blank.gif"' in C:\xampp\htdocs\botasbom\framework\web\CWebApplication.php:286
Stack trace:
#0 C:\xampp\htdocs\botasbom\framework\web\CWebApplication.php(141): CWebApplication->runController('bom/assets/glob...')
#1 C:\xampp\htdocs\botasbom\framework\base\CApplication.php(184): CWebApplication->processRequest()
#2 C:\xampp\htdocs\botasbom\bom\index.php(13): CApplication->run()
#3 {main}
REQUEST_URI=/botasbom/bom/bom/assets/global/plugins/slider-layer-slider/css/blank.gif
HTTP_REFERER=http://localhost/botasbom/bom/site/index
---
2016/03/12 17:14:38 [error] [exception.CHttpException.404] exception 'CHttpException' with message 'No es posible resolver la solicitud "bom/assets/global/plugins/slider-layer-slider/skins/fullwidth/skin.css"' in C:\xampp\htdocs\botasbom\framework\web\CWebApplication.php:286
Stack trace:
#0 C:\xampp\htdocs\botasbom\framework\web\CWebApplication.php(141): CWebApplication->runController('bom/assets/glob...')
#1 C:\xampp\htdocs\botasbom\framework\base\CApplication.php(184): CWebApplication->processRequest()
#2 C:\xampp\htdocs\botasbom\bom\index.php(13): CApplication->run()
#3 {main}
REQUEST_URI=/botasbom/bom/bom/assets/global/plugins/slider-layer-slider/skins/fullwidth/skin.css
HTTP_REFERER=http://localhost/botasbom/bom/site/index
---
2016/03/12 17:14:39 [error] [exception.CHttpException.404] exception 'CHttpException' with message 'No es posible resolver la solicitud "bom/assets/global/plugins/slider-layer-slider/css/blank.gif"' in C:\xampp\htdocs\botasbom\framework\web\CWebApplication.php:286
Stack trace:
#0 C:\xampp\htdocs\botasbom\framework\web\CWebApplication.php(141): CWebApplication->runController('bom/assets/glob...')
#1 C:\xampp\htdocs\botasbom\framework\base\CApplication.php(184): CWebApplication->processRequest()
#2 C:\xampp\htdocs\botasbom\bom\index.php(13): CApplication->run()
#3 {main}
REQUEST_URI=/botasbom/bom/bom/assets/global/plugins/slider-layer-slider/css/blank.gif
HTTP_REFERER=http://localhost/botasbom/bom/site/index
---
2016/03/12 17:16:32 [error] [exception.CHttpException.404] exception 'CHttpException' with message 'No es posible resolver la solicitud "bom/assets/global/plugins/slider-layer-slider/skins/fullwidth/skin.css"' in C:\xampp\htdocs\botasbom\framework\web\CWebApplication.php:286
Stack trace:
#0 C:\xampp\htdocs\botasbom\framework\web\CWebApplication.php(141): CWebApplication->runController('bom/assets/glob...')
#1 C:\xampp\htdocs\botasbom\framework\base\CApplication.php(184): CWebApplication->processRequest()
#2 C:\xampp\htdocs\botasbom\bom\index.php(13): CApplication->run()
#3 {main}
REQUEST_URI=/botasbom/bom/bom/assets/global/plugins/slider-layer-slider/skins/fullwidth/skin.css
HTTP_REFERER=http://localhost/botasbom/bom/site/index
---
